# JRE version: OpenJDK Runtime Environment Zulu17.36+17-CA (17.0.4.1+1) (build 17.0.4.1+1-LTS)
# Java VM: OpenJDK 64-Bit Server VM Zulu17.36+17-CA (17.0.4.1+1-LTS, mixed mode, sharing, tiered, compressed oops, compressed class ptrs, g1 gc, linux-amd64)
Heap:
 garbage-first heap   total 63488K, used 29112K [0x00000000a4600000, 0x0000000100000000)
  region size 1024K, 3 young (3072K), 1 survivors (1024K)
 Metaspace       used 59128K, committed 59584K, reserved 1105920K
  class space    used 7954K, committed 8128K, reserved 1048576K
GC Heap History (20 events):
Event: 20,297 GC heap before
{Heap before GC invocations=9 (full 0):
 garbage-first heap   total 52224K, used 35513K [0x00000000a4600000, 0x0000000100000000)
  region size 1024K, 21 young (21504K), 3 survivors (3072K)
 Metaspace       used 41111K, committed 41408K, reserved 1089536K
  class space    used 5487K, committed 5632K, reserved 1048576K
}
Event: 20,302 GC heap after
{Heap after GC invocations=10 (full 0):
 garbage-first heap   total 52224K, used 19103K [0x00000000a4600000, 0x0000000100000000)
  region size 1024K, 3 young (3072K), 3 survivors (3072K)
 Metaspace       used 41111K, committed 41408K, reserved 1089536K
  class space    used 5487K, committed 5632K, reserved 1048576K
}
Event: 21,156 GC heap before
{Heap before GC invocations=11 (full 0):
 garbage-first heap   total 52224K, used 36511K [0x00000000a4600000, 0x0000000100000000)
  region size 1024K, 21 young (21504K), 3 survivors (3072K)
 Metaspace       used 46287K, committed 46656K, reserved 1089536K
  class space    used 6294K, committed 6464K, reserved 1048576K
}
Event: 21,163 GC heap after
{Heap after GC invocations=12 (full 0):
 garbage-first heap   total 52224K, used 20241K [0x00000000a4600000, 0x0000000100000000)
  region size 1024K, 3 young (3072K), 3 survivors (3072K)
 Metaspace       used 46287K, committed 46656K, reserved 1089536K
  class space    used 6294K, committed 6464K, reserved 1048576K
}
Event: 21,719 GC heap before
{Heap before GC invocations=12 (full 0):
 garbage-first heap   total 52224K, used 38673K [0x00000000a4600000, 0x0000000100000000)
  region size 1024K, 21 young (21504K), 3 survivors (3072K)
 Metaspace       used 49223K, committed 49536K, reserved 1097728K
  class space    used 6692K, committed 6848K, reserved 1048576K
}
Event: 21,726 GC heap after
{Heap after GC invocations=13 (full 0):
 garbage-first heap   total 52224K, used 21719K [0x00000000a4600000, 0x0000000100000000)
  region size 1024K, 3 young (3072K), 3 survivors (3072K)
 Metaspace       used 49223K, committed 49536K, reserved 1097728K
  class space    used 6692K, committed 6848K, reserved 1048576K
}
Event: 22,132 GC heap before
{Heap before GC invocations=13 (full 0):
 garbage-first heap   total 52224K, used 39127K [0x00000000a4600000, 0x0000000100000000)
  region size 1024K, 20 young (20480K), 3 survivors (3072K)
 Metaspace       used 52305K, committed 52672K, reserved 1097728K
  class space    used 7122K, committed 7296K, reserved 1048576K
}
Event: 22,139 GC heap after
{Heap after GC invocations=14 (full 0):
 garbage-first heap   total 52224K, used 22551K [0x00000000a4600000, 0x0000000100000000)
  region size 1024K, 3 young (3072K), 3 survivors (3072K)
 Metaspace       used 52305K, committed 52672K, reserved 1097728K
  class space    used 7122K, committed 7296K, reserved 1048576K
}
Event: 22,523 GC heap before
{Heap before GC invocations=14 (full 0):
 garbage-first heap   total 52224K, used 38935K [0x00000000a4600000, 0x0000000100000000)
  region size 1024K, 19 young (19456K), 3 survivors (3072K)
 Metaspace       used 54481K, committed 54784K, reserved 1097728K
  class space    used 7419K, committed 7552K, reserved 1048576K
}
Event: 22,532 GC heap after
{Heap after GC invocations=15 (full 0):
 garbage-first heap   total 52224K, used 24327K [0x00000000a4600000, 0x0000000100000000)
  region size 1024K, 3 young (3072K), 3 survivors (3072K)
 Metaspace       used 54481K, committed 54784K, reserved 1097728K
  class space    used 7419K, committed 7552K, reserved 1048576K
}
Event: 22,750 GC heap before
{Heap before GC invocations=15 (full 0):
 garbage-first heap   total 52224K, used 39687K [0x00000000a4600000, 0x0000000100000000)
  region size 1024K, 18 young (18432K), 3 survivors (3072K)
 Metaspace       used 54973K, committed 55360K, reserved 1097728K
  class space    used 7480K, committed 7680K, reserved 1048576K
}
Event: 22,757 GC heap after
{Heap after GC invocations=16 (full 0):
 garbage-first heap   total 63488K, used 25358K [0x00000000a4600000, 0x0000000100000000)
  region size 1024K, 1 young (1024K), 1 survivors (1024K)
 Metaspace       used 54973K, committed 55360K, reserved 1097728K
  class space    used 7480K, committed 7680K, reserved 1048576K
}
Event: 23,104 GC heap before
{Heap before GC invocations=16 (full 0):
 garbage-first heap   total 63488K, used 48910K [0x00000000a4600000, 0x0000000100000000)
  region size 1024K, 24 young (24576K), 1 survivors (1024K)
 Metaspace       used 55643K, committed 56000K, reserved 1097728K
  class space    used 7554K, committed 7744K, reserved 1048576K
}
Event: 23,108 GC heap after
{Heap after GC invocations=17 (full 0):
 garbage-first heap   total 63488K, used 26172K [0x00000000a4600000, 0x0000000100000000)
  region size 1024K, 2 young (2048K), 2 survivors (2048K)
 Metaspace       used 55643K, committed 56000K, reserved 1097728K
  class space    used 7554K, committed 7744K, reserved 1048576K
}
Event: 4585,015 GC heap before
{Heap before GC invocations=17 (full 0):
 garbage-first heap   total 63488K, used 48700K [0x00000000a4600000, 0x0000000100000000)
  region size 1024K, 24 young (24576K), 2 survivors (2048K)
 Metaspace       used 59150K, committed 59520K, reserved 1105920K
  class space    used 7967K, committed 8128K, reserved 1048576K
}
Event: 4596,172 GC heap after
{Heap after GC invocations=18 (full 0):
 garbage-first heap   total 63488K, used 28158K [0x00000000a4600000, 0x0000000100000000)
  region size 1024K, 3 young (3072K), 3 survivors (3072K)
 Metaspace       used 59150K, committed 59520K, reserved 1105920K
  class space    used 7967K, committed 8128K, reserved 1048576K
}
Event: 5388,453 GC heap before
{Heap before GC invocations=18 (full 0):
 garbage-first heap   total 63488K, used 29182K [0x00000000a4600000, 0x0000000100000000)
  region size 1024K, 4 young (4096K), 3 survivors (3072K)
 Metaspace       used 59180K, committed 59520K, reserved 1105920K
  class space    used 7970K, committed 8128K, reserved 1048576K
}
Event: 5388,867 GC heap after
{Heap after GC invocations=19 (full 0):
 garbage-first heap   total 63488K, used 27993K [0x00000000a4600000, 0x0000000100000000)
  region size 1024K, 1 young (1024K), 1 survivors (1024K)
 Metaspace       used 59180K, committed 59520K, reserved 1105920K
  class space    used 7970K, committed 8128K, reserved 1048576K
}
Event: 5389,501 GC heap before
{Heap before GC invocations=19 (full 0):
 garbage-first heap   total 63488K, used 29017K [0x00000000a4600000, 0x0000000100000000)
  region size 1024K, 3 young (3072K), 1 survivors (1024K)
 Metaspace       used 59192K, committed 59520K, reserved 1105920K
  class space    used 7970K, committed 8128K, reserved 1048576K
}
Event: 5389,948 GC heap after
{Heap after GC invocations=20 (full 0):
 garbage-first heap   total 63488K, used 28052K [0x00000000a4600000, 0x0000000100000000)
  region size 1024K, 1 young (1024K), 1 survivors (1024K)
 Metaspace       used 59192K, committed 59520K, reserved 1105920K
  class space    used 7970K, committed 8128K, reserved 1048576K
}

